[Batch du 180301 au 180321]
[21 images détectées]

[Images traitées : 19]
180321_OrionMosaic_Lim_957.jpg
180301_LunarXVAdamsson.jpg
180320_Chicagohenge_Artese_1320.jpg
180319_Nebra_Dbachmann_1611.jpg
180317_crab_lg.jpg
180316_SeagullVillaverde.jpg
180315_M001-2Hubl_big.jpg
180314_March2May_U2G_2500.jpg
180313_UpDownGalaxy_Moophz_2048.jpg
180311_HH24_hubble_1028.jpg
180310_Cycle-Panel-1200px.jpg
180309_HH-HST-ESO-LLgendler.jpg
180308_PIA22335.jpg
180307_NGC1999_Hanson_3847.jpg
180306_AirglowRings_Wang_3887.jpg
180305_HUDF_small.jpg
180304_venusmoon_pascual_3000b.jpg
180303_as08-13-2224_25_public.jpg
180302_SGU-Colourful_Alboraz_Startrails-1600-cp70.jpg

[Images refusées : 2]
https://apod.nasa.gov/apod/ap180318.html
https://apod.nasa.gov/apod/ap180312.html

[Images échouées : 0]

[Images supprimées : 1]
180301_LunarXVAdamsson.jpg

[Batch du 180301 au 180321]
[21 images détectées]

[Images traitées : 19]
180321_OrionMosaic_Lim_957.jpg
180301_LunarXVAdamsson.jpg
180320_Chicagohenge_Artese_1320.jpg
180319_Nebra_Dbachmann_1611.jpg
180317_crab_lg.jpg
180316_SeagullVillaverde.jpg
180315_M001-2Hubl_big.jpg
180314_March2May_U2G_2500.jpg
180313_UpDownGalaxy_Moophz_2048.jpg
180311_HH24_hubble_1028.jpg
180310_Cycle-Panel-1200px.jpg
180309_HH-HST-ESO-LLgendler.jpg
180308_PIA22335.jpg
180307_NGC1999_Hanson_3847.jpg
180306_AirglowRings_Wang_3887.jpg
180305_HUDF_small.jpg
180304_venusmoon_pascual_3000b.jpg
180303_as08-13-2224_25_public.jpg
180302_SGU-Colourful_Alboraz_Startrails-1600-cp70.jpg

[Images refusées : 2]
https://apod.nasa.gov/apod/ap180318.html
https://apod.nasa.gov/apod/ap180312.html

[Images échouées : 0]

[Images supprimées : 1]
180301_LunarXVAdamsson.jpg

